<?xml version="1.0" encoding="UTF-8"?>
<testng-results ignored="2" total="6" passed="4" failed="0" skipped="0">
  <reporter-output>
  </reporter-output>
  <suite started-at="2024-07-02T16:17:57 IST" name="Suite" finished-at="2024-07-02T16:18:01 IST" duration-ms="3895">
    <groups>
    </groups>
    <test started-at="2024-07-02T16:17:57 IST" name="Test" finished-at="2024-07-02T16:18:01 IST" duration-ms="3895">
      <class name="com.ninza.hrm.api.projecttest.ProjectTest">
        <test-method signature="addSingleProjectWithCreatedStatusTest()[pri:0, instance:com.ninza.hrm.api.projecttest.ProjectTest@1aafa419]" started-at="2024-07-02T16:18:00 IST" name="addSingleProjectWithCreatedStatusTest" finished-at="2024-07-02T16:18:01 IST" duration-ms="587" status="PASS">
          <reporter-output>
          </reporter-output>
        </test-method> <!-- addSingleProjectWithCreatedStatusTest -->
        <test-method signature="addDuplicateProjectTest()[pri:0, instance:com.ninza.hrm.api.projecttest.ProjectTest@1aafa419]" started-at="2024-07-02T16:18:01 IST" name="addDuplicateProjectTest" finished-at="2024-07-02T16:18:01 IST" depends-on-methods="com.ninza.hrm.api.projecttest.ProjectTest.addSingleProjectWithCreatedStatusTest" duration-ms="20" status="PASS">
          <reporter-output>
          </reporter-output>
        </test-method> <!-- addDuplicateProjectTest -->
      </class> <!-- com.ninza.hrm.api.projecttest.ProjectTest -->
      <class name="com.ninza.hrm.api.employeetest.EmployeeTest">
        <test-method is-config="true" signature="configBS()[pri:0, instance:com.ninza.hrm.api.employeetest.EmployeeTest@459e9125]" started-at="2024-07-02T16:17:56 IST" name="configBS" finished-at="2024-07-02T16:17:57 IST" duration-ms="824" status="PASS">
          <reporter-output>
          </reporter-output>
        </test-method> <!-- configBS -->
        <test-method signature="addEmployeeTest()[pri:0, instance:com.ninza.hrm.api.employeetest.EmployeeTest@459e9125]" started-at="2024-07-02T16:17:57 IST" name="addEmployeeTest" finished-at="2024-07-02T16:18:00 IST" duration-ms="2400" status="PASS">
          <reporter-output>
          </reporter-output>
        </test-method> <!-- addEmployeeTest -->
        <test-method signature="addEmployeeWithOutEmailTest()[pri:0, instance:com.ninza.hrm.api.employeetest.EmployeeTest@459e9125]" started-at="2024-07-02T16:18:00 IST" name="addEmployeeWithOutEmailTest" finished-at="2024-07-02T16:18:00 IST" duration-ms="858" status="PASS">
          <reporter-output>
          </reporter-output>
        </test-method> <!-- addEmployeeWithOutEmailTest -->
        <test-method is-config="true" signature="configAS()[pri:0, instance:com.ninza.hrm.api.employeetest.EmployeeTest@459e9125]" started-at="2024-07-02T16:18:01 IST" name="configAS" finished-at="2024-07-02T16:18:01 IST" duration-ms="5" status="PASS">
          <reporter-output>
          </reporter-output>
        </test-method> <!-- configAS -->
      </class> <!-- com.ninza.hrm.api.employeetest.EmployeeTest -->
    </test> <!-- Test -->
  </suite> <!-- Suite -->
</testng-results>
