<?xml version="1.0" encoding="UTF-8"?>
<!-- Generated by org.testng.reporters.JUnitXMLReporter -->
<testsuite ignored="0" hostname="Gagan" failures="0" tests="2" name="Default test" time="2.289" errors="0" timestamp="2024-07-02T11:01:40 IST">
  <testcase classname="com.ninza.hrm.api.employeetest.EmployeeTest" name="addEmployeeTest" time="2.207"/>
  <testcase classname="com.ninza.hrm.api.employeetest.EmployeeTest" name="addEmployeeWithOutEmailTest" time="0.058"/>
</testsuite> <!-- Default test -->
